<?xml version="1.0" encoding="UTF-8"?>
<!-- Generated by org.testng.reporters.JUnitReportReporter -->
<testsuite hostname="DESKTOP-KIS4N2E" failures="0" tests="2" name="testClasses.Kite_APP_Test" time="5.219" errors="0" timestamp="2021-12-14T11:22:20 IST" skipped="1">
  <testcase classname="testClasses.Kite_APP_Test" name="validateErrorMsg" time="5.219"/>
  <system-out>
    <![CDATA[ErrorMSG matched TC is Passed]]>
  </system-out>
  <testcase classname="testClasses.Kite_APP_Test" name="ValidateUserID">
    <skipped/>
  </testcase> <!-- ValidateUserID -->
  <system-out/>
</testsuite> <!-- testClasses.Kite_APP_Test -->
